{
  "stats": {
    "suites": 1,
    "tests": 1,
    "passes": 1,
    "pending": 0,
    "failures": 0,
    "start": "2024-12-18T08:11:26.373Z",
    "end": "2024-12-18T08:11:29.025Z",
    "duration": 2652,
    "testsRegistered": 1,
    "passPercent": 100,
    "pendingPercent": 0,
    "other": 0,
    "hasOther": false,
    "skipped": 0,
    "hasSkipped": false
  },
  "results": [
    {
      "uuid": "1e6d8e9c-71ae-40ba-8dd2-4d4cedd5ec38",
      "title": "",
      "fullFile": "cypress\\e2e\\addressBook.cy.js",
      "file": "cypress\\e2e\\addressBook.cy.js",
      "beforeHooks": [],
      "afterHooks": [],
      "tests": [],
      "suites": [
        {
          "uuid": "312d82c5-858d-4dde-939e-61aa6ac2dce3",
          "title": "addressbook",
          "fullFile": "",
          "file": "",
          "beforeHooks": [],
          "afterHooks": [],
          "tests": [
            {
              "title": "add address",
              "fullTitle": "addressbook add address",
              "timedOut": null,
              "duration": 2604,
              "state": "passed",
              "speed": "fast",
              "pass": true,
              "fail": false,
              "pending": false,
              "context": null,
              "code": "cy.visit('https://tutorialsninja.com/demo/index.php?route=account/login');",
              "err": {},
              "uuid": "fefbd4a2-d47e-401a-9da9-a083ea3d9d8c",
              "parentUUID": "312d82c5-858d-4dde-939e-61aa6ac2dce3",
              "isHook": false,
              "skipped": false
            }
          ],
          "suites": [],
          "passes": [
            "fefbd4a2-d47e-401a-9da9-a083ea3d9d8c"
          ],
          "failures": [],
          "pending": [],
          "skipped": [],
          "duration": 2604,
          "root": false,
          "rootEmpty": false,
          "_timeout": 2000
        }
      ],
      "passes": [],
      "failures": [],
      "pending": [],
      "skipped": [],
      "duration": 0,
      "root": true,
      "rootEmpty": true,
      "_timeout": 2000
    }
  ],
  "meta": {
    "mocha": {
      "version": "7.0.1"
    },
    "mochawesome": {
      "options": {
        "quiet": false,
        "reportFilename": "mochawesome",
        "saveHtml": true,
        "saveJson": true,
        "consoleReporter": "spec",
        "useInlineDiffs": false,
        "code": true
      },
      "version": "7.1.3"
    },
    "marge": {
      "options": {
        "reportDir": "cypress/reports/mochawesome",
        "overwrite": false,
        "html": true,
        "json": true,
        "charts": true
      },
      "version": "6.2.0"
    }
  }
}