{
  "stats": {
    "suites": 1,
    "tests": 1,
    "passes": 1,
    "pending": 0,
    "failures": 0,
    "start": "2024-12-18T08:10:47.530Z",
    "end": "2024-12-18T08:10:50.645Z",
    "duration": 3115,
    "testsRegistered": 1,
    "passPercent": 100,
    "pendingPercent": 0,
    "other": 0,
    "hasOther": false,
    "skipped": 0,
    "hasSkipped": false
  },
  "results": [
    {
      "uuid": "14d899a6-6da9-4874-96b5-b91d4db3b509",
      "title": "",
      "fullFile": "cypress\\e2e\\addressBook.cy.js",
      "file": "cypress\\e2e\\addressBook.cy.js",
      "beforeHooks": [],
      "afterHooks": [],
      "tests": [],
      "suites": [
        {
          "uuid": "67feff10-12e8-4f55-b354-06367a48adc5",
          "title": "addressbook",
          "fullFile": "",
          "file": "",
          "beforeHooks": [],
          "afterHooks": [],
          "tests": [
            {
              "title": "add address",
              "fullTitle": "addressbook add address",
              "timedOut": null,
              "duration": 3080,
              "state": "passed",
              "speed": "fast",
              "pass": true,
              "fail": false,
              "pending": false,
              "context": null,
              "code": "cy.visit('https://tutorialsninja.com/demo/index.php?route=account/login');",
              "err": {},
              "uuid": "233f2035-da4e-4ad2-a2b2-ce2952f59dcc",
              "parentUUID": "67feff10-12e8-4f55-b354-06367a48adc5",
              "isHook": false,
              "skipped": false
            }
          ],
          "suites": [],
          "passes": [
            "233f2035-da4e-4ad2-a2b2-ce2952f59dcc"
          ],
          "failures": [],
          "pending": [],
          "skipped": [],
          "duration": 3080,
          "root": false,
          "rootEmpty": false,
          "_timeout": 2000
        }
      ],
      "passes": [],
      "failures": [],
      "pending": [],
      "skipped": [],
      "duration": 0,
      "root": true,
      "rootEmpty": true,
      "_timeout": 2000
    }
  ],
  "meta": {
    "mocha": {
      "version": "7.0.1"
    },
    "mochawesome": {
      "options": {
        "quiet": false,
        "reportFilename": "mochawesome",
        "saveHtml": true,
        "saveJson": true,
        "consoleReporter": "spec",
        "useInlineDiffs": false,
        "code": true
      },
      "version": "7.1.3"
    },
    "marge": {
      "options": {
        "reportDir": "cypress/reports/mochawesome",
        "overwrite": false,
        "html": true,
        "json": true,
        "charts": true
      },
      "version": "6.2.0"
    }
  }
}