{
  "stats": {
    "suites": 1,
    "tests": 1,
    "passes": 1,
    "pending": 0,
    "failures": 0,
    "start": "2024-12-18T08:16:09.437Z",
    "end": "2024-12-18T08:16:15.594Z",
    "duration": 6157,
    "testsRegistered": 1,
    "passPercent": 100,
    "pendingPercent": 0,
    "other": 0,
    "hasOther": false,
    "skipped": 0,
    "hasSkipped": false
  },
  "results": [
    {
      "uuid": "80f7a151-cdd9-4ba4-99a1-e7306b3ea614",
      "title": "",
      "fullFile": "cypress\\e2e\\homepage.cy.js",
      "file": "cypress\\e2e\\homepage.cy.js",
      "beforeHooks": [],
      "afterHooks": [],
      "tests": [],
      "suites": [
        {
          "uuid": "93641935-bedd-4c98-a43e-f0d6d9d8f38e",
          "title": "homePage",
          "fullFile": "",
          "file": "",
          "beforeHooks": [],
          "afterHooks": [],
          "tests": [
            {
              "title": "addtocart",
              "fullTitle": "homePage addtocart",
              "timedOut": null,
              "duration": 6108,
              "state": "passed",
              "speed": "medium",
              "pass": true,
              "fail": false,
              "pending": false,
              "context": null,
              "code": "reghomePage.searchInput(_tesaData.default.product.productName);\nreghomePage.addtocart();\nreghomePage.verifySuccessMsg().should('contain', _tesaData.default.message.SuccessMeaages).and('contain', _tesaData.default.product.productName);",
              "err": {},
              "uuid": "7874f2f2-a6de-40e5-a521-e118305a24c6",
              "parentUUID": "93641935-bedd-4c98-a43e-f0d6d9d8f38e",
              "isHook": false,
              "skipped": false
            }
          ],
          "suites": [],
          "passes": [
            "7874f2f2-a6de-40e5-a521-e118305a24c6"
          ],
          "failures": [],
          "pending": [],
          "skipped": [],
          "duration": 6108,
          "root": false,
          "rootEmpty": false,
          "_timeout": 2000
        }
      ],
      "passes": [],
      "failures": [],
      "pending": [],
      "skipped": [],
      "duration": 0,
      "root": true,
      "rootEmpty": true,
      "_timeout": 2000
    }
  ],
  "meta": {
    "mocha": {
      "version": "7.0.1"
    },
    "mochawesome": {
      "options": {
        "quiet": false,
        "reportFilename": "mochawesome",
        "saveHtml": true,
        "saveJson": true,
        "consoleReporter": "spec",
        "useInlineDiffs": false,
        "code": true
      },
      "version": "7.1.3"
    },
    "marge": {
      "options": {
        "reportDir": "cypress/reports/mochawesome",
        "overwrite": false,
        "html": true,
        "json": true,
        "charts": true
      },
      "version": "6.2.0"
    }
  }
}